<?xml version="1.0" encoding="UTF-8"?>
<!-- Generated by org.testng.reporters.JUnitReportReporter -->
<testsuite hostname="DUYLIEM-PS40269" failures="0" tests="5" name="CalculatorTest.CalculatorTest" time="0.015" errors="0" timestamp="13 thg 4 2025 16:48:04 GMT" skipped="0">
  <testcase classname="CalculatorTest.CalculatorTest" name="testDivide" time="0.001"/>
  <testcase classname="CalculatorTest.CalculatorTest" name="testDivideByZero" time="0.001"/>
  <testcase classname="CalculatorTest.CalculatorTest" name="testAdd" time="0.011"/>
  <testcase classname="CalculatorTest.CalculatorTest" name="testSubtract" time="0.001"/>
  <testcase classname="CalculatorTest.CalculatorTest" name="testMultiply" time="0.001"/>
</testsuite> <!-- CalculatorTest.CalculatorTest -->
